{"\/Users\/samsonasik\/www\/ci310\/application\/config\/autoload.php":{"path":"\/Users\/samsonasik\/www\/ci310\/application\/config\/autoload.php","s":{"1":1,"2":1,"3":1,"4":1,"5":1,"6":1,"7":1,"8":1},"f":[],"b":[],"statementMap":{"1":{"start":{"line":2,"column":0},"end":{"line":2,"column":2}},"2":{"start":{"line":42,"column":0},"end":{"line":42,"column":12}},"3":{"start":{"line":61,"column":0},"end":{"line":61,"column":12}},"4":{"start":{"line":82,"column":0},"end":{"line":82,"column":12}},"5":{"start":{"line":92,"column":0},"end":{"line":92,"column":12}},"6":{"start":{"line":106,"column":0},"end":{"line":106,"column":12}},"7":{"start":{"line":120,"column":0},"end":{"line":120,"column":12}},"8":{"start":{"line":135,"column":0},"end":{"line":135,"column":12}}},"fnMap":[],"branchMap":[]},"\/Users\/samsonasik\/www\/ci310\/application\/config\/config.php":{"path":"\/Users\/samsonasik\/www\/ci310\/application\/config\/config.php","s":{"1":1,"2":1,"3":1,"4":1,"5":1,"6":1,"7":1,"8":1,"9":1,"10":1,"11":1,"12":1,"13":1,"14":1,"15":1,"16":1,"17":1,"18":1,"19":1,"20":1,"21":1,"22":1,"23":1,"24":1,"25":1,"26":1,"27":1,"28":1,"29":1,"30":1,"31":1,"32":1,"33":1,"34":1,"35":1,"36":1,"37":1,"38":1,"39":1,"40":1,"41":1,"42":1,"43":1,"44":1,"45":1,"46":1,"47":1,"48":1,"49":1},"f":[],"b":[],"statementMap":{"1":{"start":{"line":2,"column":0},"end":{"line":2,"column":2}},"2":{"start":{"line":26,"column":0},"end":{"line":26,"column":1}},"3":{"start":{"line":38,"column":0},"end":{"line":38,"column":1}},"4":{"start":{"line":55,"column":0},"end":{"line":55,"column":1}},"5":{"start":{"line":67,"column":0},"end":{"line":67,"column":1}},"6":{"start":{"line":79,"column":0},"end":{"line":79,"column":1}},"7":{"start":{"line":92,"column":0},"end":{"line":92,"column":1}},"8":{"start":{"line":103,"column":0},"end":{"line":103,"column":10}},"9":{"start":{"line":117,"column":0},"end":{"line":117,"column":1}},"10":{"start":{"line":139,"column":0},"end":{"line":139,"column":10}},"11":{"start":{"line":161,"column":0},"end":{"line":161,"column":1}},"12":{"start":{"line":188,"column":0},"end":{"line":188,"column":9}},"13":{"start":{"line":189,"column":0},"end":{"line":189,"column":10}},"14":{"start":{"line":190,"column":0},"end":{"line":190,"column":1}},"15":{"start":{"line":191,"column":0},"end":{"line":191,"column":1}},"16":{"start":{"line":192,"column":0},"end":{"line":192,"column":1}},"17":{"start":{"line":216,"column":0},"end":{"line":216,"column":6}},"18":{"start":{"line":227,"column":0},"end":{"line":227,"column":1}},"19":{"start":{"line":241,"column":0},"end":{"line":241,"column":1}},"20":{"start":{"line":253,"column":0},"end":{"line":253,"column":9}},"21":{"start":{"line":264,"column":0},"end":{"line":264,"column":1}},"22":{"start":{"line":275,"column":0},"end":{"line":275,"column":1}},"23":{"start":{"line":286,"column":0},"end":{"line":286,"column":1}},"24":{"start":{"line":304,"column":0},"end":{"line":304,"column":10}},"25":{"start":{"line":317,"column":0},"end":{"line":317,"column":1}},"26":{"start":{"line":370,"column":0},"end":{"line":370,"column":1}},"27":{"start":{"line":371,"column":0},"end":{"line":371,"column":1}},"28":{"start":{"line":372,"column":0},"end":{"line":372,"column":9}},"29":{"start":{"line":373,"column":0},"end":{"line":373,"column":9}},"30":{"start":{"line":374,"column":0},"end":{"line":374,"column":10}},"31":{"start":{"line":375,"column":0},"end":{"line":375,"column":8}},"32":{"start":{"line":376,"column":0},"end":{"line":376,"column":10}},"33":{"start":{"line":393,"column":0},"end":{"line":393,"column":1}},"34":{"start":{"line":394,"column":0},"end":{"line":394,"column":1}},"35":{"start":{"line":395,"column":0},"end":{"line":395,"column":1}},"36":{"start":{"line":396,"column":0},"end":{"line":396,"column":10}},"37":{"start":{"line":397,"column":0},"end":{"line":397,"column":11}},"38":{"start":{"line":411,"column":0},"end":{"line":411,"column":10}},"39":{"start":{"line":425,"column":0},"end":{"line":425,"column":10}},"40":{"start":{"line":441,"column":0},"end":{"line":441,"column":10}},"41":{"start":{"line":442,"column":0},"end":{"line":442,"column":1}},"42":{"start":{"line":443,"column":0},"end":{"line":443,"column":1}},"43":{"start":{"line":444,"column":0},"end":{"line":444,"column":9}},"44":{"start":{"line":445,"column":0},"end":{"line":445,"column":9}},"45":{"start":{"line":446,"column":0},"end":{"line":446,"column":12}},"46":{"start":{"line":468,"column":0},"end":{"line":468,"column":10}},"47":{"start":{"line":481,"column":0},"end":{"line":481,"column":1}},"48":{"start":{"line":495,"column":0},"end":{"line":495,"column":10}},"49":{"start":{"line":513,"column":0},"end":{"line":513,"column":1}}},"fnMap":[],"branchMap":[]},"\/Users\/samsonasik\/www\/ci310\/application\/config\/constants.php":{"path":"\/Users\/samsonasik\/www\/ci310\/application\/config\/constants.php","s":{"1":0,"2":0,"3":0,"4":0,"5":0,"6":0,"7":0,"8":0,"9":0,"10":0,"11":0,"12":0,"13":0,"14":0,"15":0,"16":0,"17":0,"18":0,"19":0,"20":0,"21":0,"22":0,"23":0,"24":0},"f":[],"b":[],"statementMap":{"1":{"start":{"line":2,"column":0},"end":{"line":2,"column":2}},"2":{"start":{"line":14,"column":0},"end":{"line":14,"column":8}},"3":{"start":{"line":29,"column":0},"end":{"line":29,"column":8}},"4":{"start":{"line":30,"column":0},"end":{"line":30,"column":8}},"5":{"start":{"line":31,"column":0},"end":{"line":31,"column":8}},"6":{"start":{"line":32,"column":0},"end":{"line":32,"column":8}},"7":{"start":{"line":42,"column":0},"end":{"line":42,"column":2}},"8":{"start":{"line":43,"column":0},"end":{"line":43,"column":2}},"9":{"start":{"line":44,"column":0},"end":{"line":44,"column":2}},"10":{"start":{"line":45,"column":0},"end":{"line":45,"column":2}},"11":{"start":{"line":46,"column":0},"end":{"line":46,"column":2}},"12":{"start":{"line":47,"column":0},"end":{"line":47,"column":2}},"13":{"start":{"line":48,"column":0},"end":{"line":48,"column":2}},"14":{"start":{"line":49,"column":0},"end":{"line":49,"column":2}},"15":{"start":{"line":76,"column":0},"end":{"line":76,"column":5}},"16":{"start":{"line":77,"column":0},"end":{"line":77,"column":5}},"17":{"start":{"line":78,"column":0},"end":{"line":78,"column":5}},"18":{"start":{"line":79,"column":0},"end":{"line":79,"column":5}},"19":{"start":{"line":80,"column":0},"end":{"line":80,"column":5}},"20":{"start":{"line":81,"column":0},"end":{"line":81,"column":5}},"21":{"start":{"line":82,"column":0},"end":{"line":82,"column":5}},"22":{"start":{"line":83,"column":0},"end":{"line":83,"column":5}},"23":{"start":{"line":84,"column":0},"end":{"line":84,"column":5}},"24":{"start":{"line":85,"column":0},"end":{"line":85,"column":7}}},"fnMap":[],"branchMap":[]},"\/Users\/samsonasik\/www\/ci310\/application\/config\/database.php":{"path":"\/Users\/samsonasik\/www\/ci310\/application\/config\/database.php","s":{"1":0,"2":0,"3":0,"4":0},"f":[],"b":[],"statementMap":{"1":{"start":{"line":2,"column":0},"end":{"line":2,"column":2}},"2":{"start":{"line":73,"column":0},"end":{"line":73,"column":1}},"3":{"start":{"line":74,"column":0},"end":{"line":74,"column":23}},"4":{"start":{"line":96,"column":0},"end":{"line":96,"column":11}}},"fnMap":[],"branchMap":[]},"\/Users\/samsonasik\/www\/ci310\/application\/config\/doctypes.php":{"path":"\/Users\/samsonasik\/www\/ci310\/application\/config\/doctypes.php","s":{"1":0,"2":0},"f":[],"b":[],"statementMap":{"1":{"start":{"line":2,"column":0},"end":{"line":2,"column":2}},"2":{"start":{"line":24,"column":0},"end":{"line":24,"column":3}}},"fnMap":[],"branchMap":[]},"\/Users\/samsonasik\/www\/ci310\/application\/config\/foreign_chars.php":{"path":"\/Users\/samsonasik\/www\/ci310\/application\/config\/foreign_chars.php","s":{"1":0,"2":0},"f":[],"b":[],"statementMap":{"1":{"start":{"line":2,"column":0},"end":{"line":2,"column":2}},"2":{"start":{"line":103,"column":0},"end":{"line":103,"column":3}}},"fnMap":[],"branchMap":[]},"\/Users\/samsonasik\/www\/ci310\/application\/config\/hooks.php":{"path":"\/Users\/samsonasik\/www\/ci310\/application\/config\/hooks.php","s":{"1":0},"f":[],"b":[],"statementMap":{"1":{"start":{"line":2,"column":0},"end":{"line":2,"column":2}}},"fnMap":[],"branchMap":[]},"\/Users\/samsonasik\/www\/ci310\/application\/config\/memcached.php":{"path":"\/Users\/samsonasik\/www\/ci310\/application\/config\/memcached.php","s":{"1":0,"2":0},"f":[],"b":[],"statementMap":{"1":{"start":{"line":2,"column":0},"end":{"line":2,"column":2}},"2":{"start":{"line":19,"column":0},"end":{"line":19,"column":8}}},"fnMap":[],"branchMap":[]},"\/Users\/samsonasik\/www\/ci310\/application\/config\/migration.php":{"path":"\/Users\/samsonasik\/www\/ci310\/application\/config\/migration.php","s":{"1":0,"2":0,"3":0,"4":0,"5":0,"6":0,"7":0},"f":[],"b":[],"statementMap":{"1":{"start":{"line":2,"column":0},"end":{"line":2,"column":2}},"2":{"start":{"line":14,"column":0},"end":{"line":14,"column":10}},"3":{"start":{"line":32,"column":0},"end":{"line":32,"column":1}},"4":{"start":{"line":46,"column":0},"end":{"line":46,"column":1}},"5":{"start":{"line":60,"column":0},"end":{"line":60,"column":10}},"6":{"start":{"line":72,"column":0},"end":{"line":72,"column":6}},"7":{"start":{"line":84,"column":0},"end":{"line":84,"column":1}}},"fnMap":[],"branchMap":[]},"\/Users\/samsonasik\/www\/ci310\/application\/config\/mimes.php":{"path":"\/Users\/samsonasik\/www\/ci310\/application\/config\/mimes.php","s":{"1":0,"2":0},"f":[],"b":[],"statementMap":{"1":{"start":{"line":2,"column":0},"end":{"line":2,"column":2}},"2":{"start":{"line":167,"column":0},"end":{"line":167,"column":4}}},"fnMap":[],"branchMap":[]},"\/Users\/samsonasik\/www\/ci310\/application\/config\/profiler.php":{"path":"\/Users\/samsonasik\/www\/ci310\/application\/config\/profiler.php","s":{"1":0},"f":[],"b":[],"statementMap":{"1":{"start":{"line":2,"column":0},"end":{"line":2,"column":2}}},"fnMap":[],"branchMap":[]},"\/Users\/samsonasik\/www\/ci310\/application\/config\/routes.php":{"path":"\/Users\/samsonasik\/www\/ci310\/application\/config\/routes.php","s":{"1":0,"2":0,"3":0,"4":0,"5":0},"f":[],"b":[],"statementMap":{"1":{"start":{"line":2,"column":0},"end":{"line":2,"column":2}},"2":{"start":{"line":52,"column":0},"end":{"line":52,"column":1}},"3":{"start":{"line":53,"column":0},"end":{"line":53,"column":1}},"4":{"start":{"line":54,"column":0},"end":{"line":54,"column":10}},"5":{"start":{"line":56,"column":0},"end":{"line":56,"column":1}}},"fnMap":[],"branchMap":[]},"\/Users\/samsonasik\/www\/ci310\/application\/config\/smileys.php":{"path":"\/Users\/samsonasik\/www\/ci310\/application\/config\/smileys.php","s":{"1":0,"2":0},"f":[],"b":[],"statementMap":{"1":{"start":{"line":2,"column":0},"end":{"line":2,"column":2}},"2":{"start":{"line":64,"column":0},"end":{"line":64,"column":5}}},"fnMap":[],"branchMap":[]},"\/Users\/samsonasik\/www\/ci310\/application\/config\/user_agents.php":{"path":"\/Users\/samsonasik\/www\/ci310\/application\/config\/user_agents.php","s":{"1":0,"2":0,"3":0,"4":0,"5":0},"f":[],"b":[],"statementMap":{"1":{"start":{"line":2,"column":0},"end":{"line":2,"column":2}},"2":{"start":{"line":56,"column":0},"end":{"line":56,"column":3}},"3":{"start":{"line":91,"column":0},"end":{"line":91,"column":3}},"4":{"start":{"line":191,"column":0},"end":{"line":191,"column":3}},"5":{"start":{"line":214,"column":0},"end":{"line":214,"column":3}}},"fnMap":[],"branchMap":[]},"\/Users\/samsonasik\/www\/ci310\/application\/controllers\/Welcome.php":{"path":"\/Users\/samsonasik\/www\/ci310\/application\/controllers\/Welcome.php","s":{"1":1,"2":1,"3":1,"4":1,"5":1},"f":{"1":1,"2":1},"b":[],"statementMap":{"1":{"start":{"line":2,"column":0},"end":{"line":2,"column":2}},"2":{"start":{"line":8,"column":0},"end":{"line":8,"column":25}},"3":{"start":{"line":10,"column":0},"end":{"line":10,"column":2}},"4":{"start":{"line":15,"column":0},"end":{"line":15,"column":64}},"5":{"start":{"line":16,"column":0},"end":{"line":16,"column":16}}},"fnMap":{"1":{"name":"__construct","line":6,"loc":{"start":{"line":6,"column":0},"end":{"line":11,"column":false}}},"2":{"name":"index","line":13,"loc":{"start":{"line":13,"column":0},"end":{"line":17,"column":false}}}},"branchMap":[]},"\/Users\/samsonasik\/www\/ci310\/application\/models\/Welcome_model.php":{"path":"\/Users\/samsonasik\/www\/ci310\/application\/models\/Welcome_model.php","s":{"1":1,"2":0,"3":0},"f":{"1":1,"2":0},"b":[],"statementMap":{"1":{"start":{"line":7,"column":0},"end":{"line":7,"column":31}},"2":{"start":{"line":13,"column":0},"end":{"line":13,"column":1}},"3":{"start":{"line":16,"column":0},"end":{"line":16,"column":9}}},"fnMap":{"1":{"name":"__construct","line":5,"loc":{"start":{"line":5,"column":0},"end":{"line":8,"column":false}}},"2":{"name":"greeting","line":10,"loc":{"start":{"line":10,"column":0},"end":{"line":17,"column":false}}}},"branchMap":[]},"\/Users\/samsonasik\/www\/ci310\/application\/views\/errors\/cli\/error_404.php":{"path":"\/Users\/samsonasik\/www\/ci310\/application\/views\/errors\/cli\/error_404.php","s":{"1":0,"2":0},"f":[],"b":[],"statementMap":{"1":{"start":{"line":2,"column":0},"end":{"line":2,"column":2}},"2":{"start":{"line":8,"column":0},"end":{"line":8,"column":1}}},"fnMap":[],"branchMap":[]},"\/Users\/samsonasik\/www\/ci310\/application\/views\/errors\/cli\/error_db.php":{"path":"\/Users\/samsonasik\/www\/ci310\/application\/views\/errors\/cli\/error_db.php","s":{"1":0,"2":0},"f":[],"b":[],"statementMap":{"1":{"start":{"line":2,"column":0},"end":{"line":2,"column":2}},"2":{"start":{"line":8,"column":0},"end":{"line":8,"column":1}}},"fnMap":[],"branchMap":[]},"\/Users\/samsonasik\/www\/ci310\/application\/views\/errors\/cli\/error_exception.php":{"path":"\/Users\/samsonasik\/www\/ci310\/application\/views\/errors\/cli\/error_exception.php","s":{"1":0,"2":0,"3":0,"4":0,"5":0,"6":0,"7":0,"8":0},"f":[],"b":[],"statementMap":{"1":{"start":{"line":1,"column":0},"end":{"line":1,"column":2}},"2":{"start":{"line":5,"column":0},"end":{"line":5,"column":1}},"3":{"start":{"line":6,"column":0},"end":{"line":6,"column":1}},"4":{"start":{"line":7,"column":0},"end":{"line":7,"column":1}},"5":{"start":{"line":8,"column":0},"end":{"line":8,"column":27}},"6":{"start":{"line":15,"column":0},"end":{"line":15,"column":1}},"7":{"start":{"line":16,"column":0},"end":{"line":16,"column":1}},"8":{"start":{"line":17,"column":0},"end":{"line":17,"column":1}}},"fnMap":[],"branchMap":[]},"\/Users\/samsonasik\/www\/ci310\/application\/views\/errors\/cli\/error_general.php":{"path":"\/Users\/samsonasik\/www\/ci310\/application\/views\/errors\/cli\/error_general.php","s":{"1":0,"2":0},"f":[],"b":[],"statementMap":{"1":{"start":{"line":2,"column":0},"end":{"line":2,"column":2}},"2":{"start":{"line":8,"column":0},"end":{"line":8,"column":1}}},"fnMap":[],"branchMap":[]},"\/Users\/samsonasik\/www\/ci310\/application\/views\/errors\/cli\/error_php.php":{"path":"\/Users\/samsonasik\/www\/ci310\/application\/views\/errors\/cli\/error_php.php","s":{"1":0,"2":0,"3":0,"4":0,"5":0,"6":0,"7":0,"8":0},"f":[],"b":[],"statementMap":{"1":{"start":{"line":1,"column":0},"end":{"line":1,"column":2}},"2":{"start":{"line":5,"column":0},"end":{"line":5,"column":1}},"3":{"start":{"line":6,"column":0},"end":{"line":6,"column":1}},"4":{"start":{"line":7,"column":0},"end":{"line":7,"column":1}},"5":{"start":{"line":8,"column":0},"end":{"line":8,"column":11}},"6":{"start":{"line":15,"column":0},"end":{"line":15,"column":1}},"7":{"start":{"line":16,"column":0},"end":{"line":16,"column":1}},"8":{"start":{"line":17,"column":0},"end":{"line":17,"column":1}}},"fnMap":[],"branchMap":[]},"\/Users\/samsonasik\/www\/ci310\/application\/views\/errors\/html\/error_404.php":{"path":"\/Users\/samsonasik\/www\/ci310\/application\/views\/errors\/html\/error_404.php","s":{"1":0,"2":0,"3":0},"f":[],"b":[],"statementMap":{"1":{"start":{"line":2,"column":0},"end":{"line":2,"column":2}},"2":{"start":{"line":60,"column":0},"end":{"line":60,"column":14}},"3":{"start":{"line":61,"column":0},"end":{"line":61,"column":14}}},"fnMap":[],"branchMap":[]},"\/Users\/samsonasik\/www\/ci310\/application\/views\/errors\/html\/error_db.php":{"path":"\/Users\/samsonasik\/www\/ci310\/application\/views\/errors\/html\/error_db.php","s":{"1":0,"2":0,"3":0},"f":[],"b":[],"statementMap":{"1":{"start":{"line":2,"column":0},"end":{"line":2,"column":2}},"2":{"start":{"line":60,"column":0},"end":{"line":60,"column":14}},"3":{"start":{"line":61,"column":0},"end":{"line":61,"column":14}}},"fnMap":[],"branchMap":[]},"\/Users\/samsonasik\/www\/ci310\/application\/views\/errors\/html\/error_exception.php":{"path":"\/Users\/samsonasik\/www\/ci310\/application\/views\/errors\/html\/error_exception.php","s":{"1":0,"2":0,"3":0,"4":0,"5":0,"6":0,"7":0,"8":0},"f":[],"b":[],"statementMap":{"1":{"start":{"line":2,"column":0},"end":{"line":2,"column":2}},"2":{"start":{"line":9,"column":0},"end":{"line":9,"column":27}},"3":{"start":{"line":10,"column":0},"end":{"line":10,"column":14}},"4":{"start":{"line":11,"column":0},"end":{"line":11,"column":27}},"5":{"start":{"line":12,"column":0},"end":{"line":12,"column":27}},"6":{"start":{"line":22,"column":0},"end":{"line":22,"column":2}},"7":{"start":{"line":23,"column":0},"end":{"line":23,"column":2}},"8":{"start":{"line":24,"column":0},"end":{"line":24,"column":2}}},"fnMap":[],"branchMap":[]},"\/Users\/samsonasik\/www\/ci310\/application\/views\/errors\/html\/error_general.php":{"path":"\/Users\/samsonasik\/www\/ci310\/application\/views\/errors\/html\/error_general.php","s":{"1":0,"2":0,"3":0},"f":[],"b":[],"statementMap":{"1":{"start":{"line":2,"column":0},"end":{"line":2,"column":2}},"2":{"start":{"line":60,"column":0},"end":{"line":60,"column":14}},"3":{"start":{"line":61,"column":0},"end":{"line":61,"column":14}}},"fnMap":[],"branchMap":[]},"\/Users\/samsonasik\/www\/ci310\/application\/views\/errors\/html\/error_php.php":{"path":"\/Users\/samsonasik\/www\/ci310\/application\/views\/errors\/html\/error_php.php","s":{"1":0,"2":0,"3":0,"4":0,"5":0},"f":[],"b":[],"statementMap":{"1":{"start":{"line":2,"column":0},"end":{"line":2,"column":2}},"2":{"start":{"line":9,"column":0},"end":{"line":9,"column":15}},"3":{"start":{"line":10,"column":0},"end":{"line":10,"column":14}},"4":{"start":{"line":11,"column":0},"end":{"line":11,"column":15}},"5":{"start":{"line":12,"column":0},"end":{"line":12,"column":11}}},"fnMap":[],"branchMap":[]},"\/Users\/samsonasik\/www\/ci310\/application\/views\/welcome_message.php":{"path":"\/Users\/samsonasik\/www\/ci310\/application\/views\/welcome_message.php","s":{"1":1,"2":1},"f":[],"b":[],"statementMap":{"1":{"start":{"line":2,"column":0},"end":{"line":2,"column":2}},"2":{"start":{"line":71,"column":0},"end":{"line":71,"column":15}}},"fnMap":[],"branchMap":[]}}