TN:
SF:/Users/samsonasik/www/ci310/application/config/autoload.php
FNF:0
FNH:0
DA:2,1
DA:42,1
DA:61,1
DA:82,1
DA:92,1
DA:106,1
DA:120,1
DA:135,1
LF:8
LH:8
BRF:0
BRH:0
end_of_record
TN:
SF:/Users/samsonasik/www/ci310/application/config/config.php
FNF:0
FNH:0
DA:2,1
DA:26,1
DA:38,1
DA:55,1
DA:67,1
DA:79,1
DA:92,1
DA:103,1
DA:117,1
DA:139,1
DA:161,1
DA:188,1
DA:189,1
DA:190,1
DA:191,1
DA:192,1
DA:216,1
DA:227,1
DA:241,1
DA:253,1
DA:264,1
DA:275,1
DA:286,1
DA:304,1
DA:317,1
DA:370,1
DA:371,1
DA:372,1
DA:373,1
DA:374,1
DA:375,1
DA:376,1
DA:393,1
DA:394,1
DA:395,1
DA:396,1
DA:397,1
DA:411,1
DA:425,1
DA:441,1
DA:442,1
DA:443,1
DA:444,1
DA:445,1
DA:446,1
DA:468,1
DA:481,1
DA:495,1
DA:513,1
LF:49
LH:49
BRF:0
BRH:0
end_of_record
TN:
SF:/Users/samsonasik/www/ci310/application/config/constants.php
FNF:0
FNH:0
DA:2,0
DA:14,0
DA:29,0
DA:30,0
DA:31,0
DA:32,0
DA:42,0
DA:43,0
DA:44,0
DA:45,0
DA:46,0
DA:47,0
DA:48,0
DA:49,0
DA:76,0
DA:77,0
DA:78,0
DA:79,0
DA:80,0
DA:81,0
DA:82,0
DA:83,0
DA:84,0
DA:85,0
LF:24
LH:0
BRF:0
BRH:0
end_of_record
TN:
SF:/Users/samsonasik/www/ci310/application/config/database.php
FNF:0
FNH:0
DA:2,0
DA:73,0
DA:74,0
DA:96,0
LF:4
LH:0
BRF:0
BRH:0
end_of_record
TN:
SF:/Users/samsonasik/www/ci310/application/config/doctypes.php
FNF:0
FNH:0
DA:2,0
DA:24,0
LF:2
LH:0
BRF:0
BRH:0
end_of_record
TN:
SF:/Users/samsonasik/www/ci310/application/config/foreign_chars.php
FNF:0
FNH:0
DA:2,0
DA:103,0
LF:2
LH:0
BRF:0
BRH:0
end_of_record
TN:
SF:/Users/samsonasik/www/ci310/application/config/hooks.php
FNF:0
FNH:0
DA:2,0
LF:1
LH:0
BRF:0
BRH:0
end_of_record
TN:
SF:/Users/samsonasik/www/ci310/application/config/memcached.php
FNF:0
FNH:0
DA:2,0
DA:19,0
LF:2
LH:0
BRF:0
BRH:0
end_of_record
TN:
SF:/Users/samsonasik/www/ci310/application/config/migration.php
FNF:0
FNH:0
DA:2,0
DA:14,0
DA:32,0
DA:46,0
DA:60,0
DA:72,0
DA:84,0
LF:7
LH:0
BRF:0
BRH:0
end_of_record
TN:
SF:/Users/samsonasik/www/ci310/application/config/mimes.php
FNF:0
FNH:0
DA:2,0
DA:167,0
LF:2
LH:0
BRF:0
BRH:0
end_of_record
TN:
SF:/Users/samsonasik/www/ci310/application/config/profiler.php
FNF:0
FNH:0
DA:2,0
LF:1
LH:0
BRF:0
BRH:0
end_of_record
TN:
SF:/Users/samsonasik/www/ci310/application/config/routes.php
FNF:0
FNH:0
DA:2,0
DA:52,0
DA:53,0
DA:54,0
DA:56,0
LF:5
LH:0
BRF:0
BRH:0
end_of_record
TN:
SF:/Users/samsonasik/www/ci310/application/config/smileys.php
FNF:0
FNH:0
DA:2,0
DA:64,0
LF:2
LH:0
BRF:0
BRH:0
end_of_record
TN:
SF:/Users/samsonasik/www/ci310/application/config/user_agents.php
FNF:0
FNH:0
DA:2,0
DA:56,0
DA:91,0
DA:191,0
DA:214,0
LF:5
LH:0
BRF:0
BRH:0
end_of_record
TN:
SF:/Users/samsonasik/www/ci310/application/controllers/Welcome.php
FN:6,__construct
FN:13,index
FNF:2
FNH:2
FNDA:1,__construct
FNDA:1,index
DA:2,1
DA:8,1
DA:10,1
DA:15,1
DA:16,1
LF:5
LH:5
BRF:0
BRH:0
end_of_record
TN:
SF:/Users/samsonasik/www/ci310/application/models/Welcome_model.php
FN:5,__construct
FN:10,greeting
FNF:2
FNH:2
FNDA:1,__construct
FNDA:1,greeting
DA:7,1
DA:13,0
DA:16,1
LF:3
LH:2
BRF:0
BRH:0
end_of_record
TN:
SF:/Users/samsonasik/www/ci310/application/views/errors/cli/error_404.php
FNF:0
FNH:0
DA:2,0
DA:8,0
LF:2
LH:0
BRF:0
BRH:0
end_of_record
TN:
SF:/Users/samsonasik/www/ci310/application/views/errors/cli/error_db.php
FNF:0
FNH:0
DA:2,0
DA:8,0
LF:2
LH:0
BRF:0
BRH:0
end_of_record
TN:
SF:/Users/samsonasik/www/ci310/application/views/errors/cli/error_exception.php
FNF:0
FNH:0
DA:1,0
DA:5,0
DA:6,0
DA:7,0
DA:8,0
DA:15,0
DA:16,0
DA:17,0
LF:8
LH:0
BRF:0
BRH:0
end_of_record
TN:
SF:/Users/samsonasik/www/ci310/application/views/errors/cli/error_general.php
FNF:0
FNH:0
DA:2,0
DA:8,0
LF:2
LH:0
BRF:0
BRH:0
end_of_record
TN:
SF:/Users/samsonasik/www/ci310/application/views/errors/cli/error_php.php
FNF:0
FNH:0
DA:1,0
DA:5,0
DA:6,0
DA:7,0
DA:8,0
DA:15,0
DA:16,0
DA:17,0
LF:8
LH:0
BRF:0
BRH:0
end_of_record
TN:
SF:/Users/samsonasik/www/ci310/application/views/errors/html/error_404.php
FNF:0
FNH:0
DA:2,0
DA:60,0
DA:61,0
LF:3
LH:0
BRF:0
BRH:0
end_of_record
TN:
SF:/Users/samsonasik/www/ci310/application/views/errors/html/error_db.php
FNF:0
FNH:0
DA:2,0
DA:60,0
DA:61,0
LF:3
LH:0
BRF:0
BRH:0
end_of_record
TN:
SF:/Users/samsonasik/www/ci310/application/views/errors/html/error_exception.php
FNF:0
FNH:0
DA:2,0
DA:9,0
DA:10,0
DA:11,0
DA:12,0
DA:22,0
DA:23,0
DA:24,0
LF:8
LH:0
BRF:0
BRH:0
end_of_record
TN:
SF:/Users/samsonasik/www/ci310/application/views/errors/html/error_general.php
FNF:0
FNH:0
DA:2,0
DA:60,0
DA:61,0
LF:3
LH:0
BRF:0
BRH:0
end_of_record
TN:
SF:/Users/samsonasik/www/ci310/application/views/errors/html/error_php.php
FNF:0
FNH:0
DA:2,0
DA:9,0
DA:10,0
DA:11,0
DA:12,0
LF:5
LH:0
BRF:0
BRH:0
end_of_record
TN:
SF:/Users/samsonasik/www/ci310/application/views/welcome_message.php
FNF:0
FNH:0
DA:2,1
DA:71,1
LF:2
LH:2
BRF:0
BRH:0
end_of_record
